2022-06-15 12:03:54.627 -0700 [debug] ([34mconfigs.js[0m) [31mloaded default configs as "{"updates":{"manifest_url":"https://ws.freshdev.io/cli/updates.json","period":24},"log":{"level":"info"},"javascript":{"ecma_version":2020}}"[0m
2022-06-15 12:03:54.629 -0700 [debug] ([34mfile-util.js[0m) [31mError while requiring /Users/alex/.fdk/configs.json: Cannot find module '/Users/alex/.fdk/configs.json'
Require stack:
- /Users/alex/Library/Application Support/fnm/node-versions/v14.19.1/installation/lib/node_modules/fdk/lib/utils/file-util.js
- /Users/alex/Library/Application Support/fnm/node-versions/v14.19.1/installation/lib/node_modules/fdk/lib/configs.js
- /Users/alex/Library/Application Support/fnm/node-versions/v14.19.1/installation/lib/node_modules/fdk/lib/logger.js
- /Users/alex/Library/Application Support/fnm/node-versions/v14.19.1/installation/lib/node_modules/fdk/index.js[0m
2022-06-15 12:03:54.629 -0700 [debug] ([34mconfigs.js[0m) [31mloaded global configs as "{}"[0m
2022-06-15 12:03:54.629 -0700 [debug] ([34mfile-util.js[0m) [31mError while requiring /Users/alex/snap/empty-freshcaller-app/.fdk/configs.json: Cannot find module '/Users/alex/snap/empty-freshcaller-app/.fdk/configs.json'
Require stack:
- /Users/alex/Library/Application Support/fnm/node-versions/v14.19.1/installation/lib/node_modules/fdk/lib/utils/file-util.js
- /Users/alex/Library/Application Support/fnm/node-versions/v14.19.1/installation/lib/node_modules/fdk/lib/configs.js
- /Users/alex/Library/Application Support/fnm/node-versions/v14.19.1/installation/lib/node_modules/fdk/lib/logger.js
- /Users/alex/Library/Application Support/fnm/node-versions/v14.19.1/installation/lib/node_modules/fdk/index.js[0m
2022-06-15 12:03:54.629 -0700 [debug] ([34mconfigs.js[0m) [31mloaded local configs as "{}"[0m
2022-06-15 12:03:54.630 -0700 [debug] ([34mconfigs.js[0m) [31mloaded env configs as "{"updates":{},"log":{},"javascript":{}}"[0m
2022-06-15 12:03:54.630 -0700 [debug] ([34mconfigs.js[0m) [31mloaded resolved configs as "{"updates":{"manifest_url":"https://ws.freshdev.io/cli/updates.json","period":24},"log":{"level":"info"},"javascript":{"ecma_version":2020}}"[0m
2022-06-15 12:03:54.630 -0700 [debug] ([34mlogger.js[0m) [31mStarting FDK in node v14.19.1 on darwin[0m
2022-06-15 12:03:54.630 -0700 [debug] ([34msequelize.js[0m) [31msetting up sqilite at "/Users/alex/snap/empty-freshcaller-app/.fdk/store.sqlite"[0m
2022-06-15 12:03:54.630 -0700 [debug] ([34mindex.js[0m) [31mRunning with args {"cmd":"create","gopts":{},"opts":{},"goptArg":{},"optArg":{},"args":[]}[0m
2022-06-15 12:03:54.630 -0700 [debug] ([34mdata-util.js[0m) [31mRead {"version_details":{"cli":{"deprecated":{"version":"<8","message":"This FDK version will be deprecated by August 31, 2022. There will be no further feature updates to this version. For a seamless app building experience, ensure to move to the latest FDK version. For more information, see https://community.developers.freshworks.com/t/5433."},"forced":{"version":"7.0.0","command":"npm install https://dl.freshdev.io/cli/fdk-7.0.0.tgz -g","message":"Your FDK version has been forced updated to v7.0.0, please visit https://community.developers.freshworks.com/t/fdk-v7-0-announcing-node-js-v12-and-es6-support/3606 to know more"},"latest":{"version":"8.3.1","command":"npm install https://dl.freshdev.io/cli/fdk.tgz -g","message":""}},"addon":{"version":"1.10.2","url":"https://dl.freshdev.io/cli-addon/addon-1.10.2.zip"}},"last_updated":{"time_stamp":1654613031760}}[0m
2022-06-15 12:03:54.630 -0700 [debug] ([34mupdater.js[0m) [31mlast check more than 24 hours ago, looking for updates again[0m
2022-06-15 12:03:54.729 -0700 [debug] ([34mupdater.js[0m) [31mdownloaded update manifest as {"cli":{"deprecated":{"version":"<8","message":"This FDK version will be deprecated by August 31, 2022. There will be no further feature updates to this version. For a seamless app building experience, ensure to move to the latest FDK version. For more information, see https://community.developers.freshworks.com/t/5433."},"forced":{"version":"7.0.0","command":"npm install https://dl.freshdev.io/cli/fdk-7.0.0.tgz -g","message":"Your FDK version has been forced updated to v7.0.0, please visit https://community.developers.freshworks.com/t/fdk-v7-0-announcing-node-js-v12-and-es6-support/3606 to know more"},"latest":{"version":"8.3.3","command":"npm install https://dl.freshdev.io/cli/fdk.tgz -g","message":""}},"addon":{"version":"1.10.2","url":"https://dl.freshdev.io/cli-addon/addon-1.10.2.zip"}}[0m
2022-06-15 12:03:54.730 -0700 [debug] ([34mdata-util.js[0m) [31mRead {"version_details":{"cli":{"deprecated":{"version":"<8","message":"This FDK version will be deprecated by August 31, 2022. There will be no further feature updates to this version. For a seamless app building experience, ensure to move to the latest FDK version. For more information, see https://community.developers.freshworks.com/t/5433."},"forced":{"version":"7.0.0","command":"npm install https://dl.freshdev.io/cli/fdk-7.0.0.tgz -g","message":"Your FDK version has been forced updated to v7.0.0, please visit https://community.developers.freshworks.com/t/fdk-v7-0-announcing-node-js-v12-and-es6-support/3606 to know more"},"latest":{"version":"8.3.1","command":"npm install https://dl.freshdev.io/cli/fdk.tgz -g","message":""}},"addon":{"version":"1.10.2","url":"https://dl.freshdev.io/cli-addon/addon-1.10.2.zip"}},"last_updated":{"time_stamp":1654613031760}}[0m
2022-06-15 12:03:54.730 -0700 [debug] ([34mdata-util.js[0m) [31mRead {"version_details":{"cli":{"deprecated":{"version":"<8","message":"This FDK version will be deprecated by August 31, 2022. There will be no further feature updates to this version. For a seamless app building experience, ensure to move to the latest FDK version. For more information, see https://community.developers.freshworks.com/t/5433."},"forced":{"version":"7.0.0","command":"npm install https://dl.freshdev.io/cli/fdk-7.0.0.tgz -g","message":"Your FDK version has been forced updated to v7.0.0, please visit https://community.developers.freshworks.com/t/fdk-v7-0-announcing-node-js-v12-and-es6-support/3606 to know more"},"latest":{"version":"8.3.1","command":"npm install https://dl.freshdev.io/cli/fdk.tgz -g","message":""}},"addon":{"version":"1.10.2","url":"https://dl.freshdev.io/cli-addon/addon-1.10.2.zip"}},"last_updated":{"time_stamp":1654613031760}}[0m
2022-06-15 12:03:54.732 -0700 [debug] ([34mdata-util.js[0m) [31mRead {"version_details":{"cli":{"deprecated":{"version":"<8","message":"This FDK version will be deprecated by August 31, 2022. There will be no further feature updates to this version. For a seamless app building experience, ensure to move to the latest FDK version. For more information, see https://community.developers.freshworks.com/t/5433."},"forced":{"version":"7.0.0","command":"npm install https://dl.freshdev.io/cli/fdk-7.0.0.tgz -g","message":"Your FDK version has been forced updated to v7.0.0, please visit https://community.developers.freshworks.com/t/fdk-v7-0-announcing-node-js-v12-and-es6-support/3606 to know more"},"latest":{"version":"8.3.3","command":"npm install https://dl.freshdev.io/cli/fdk.tgz -g","message":""}},"addon":{"version":"1.10.2","url":"https://dl.freshdev.io/cli-addon/addon-1.10.2.zip"}},"last_updated":{"time_stamp":1654613031760}}[0m
2022-06-15 12:03:59.596 -0700 [debug] ([34mupdater.js[0m) [31muser responded to update prompt with "false"[0m
2022-06-15 12:03:59.610 -0700 [debug] ([34mdata-util.js[0m) [31mRead {"version_details":{"cli":{"deprecated":{"version":"<8","message":"This FDK version will be deprecated by August 31, 2022. There will be no further feature updates to this version. For a seamless app building experience, ensure to move to the latest FDK version. For more information, see https://community.developers.freshworks.com/t/5433."},"forced":{"version":"7.0.0","command":"npm install https://dl.freshdev.io/cli/fdk-7.0.0.tgz -g","message":"Your FDK version has been forced updated to v7.0.0, please visit https://community.developers.freshworks.com/t/fdk-v7-0-announcing-node-js-v12-and-es6-support/3606 to know more"},"latest":{"version":"8.3.3","command":"npm install https://dl.freshdev.io/cli/fdk.tgz -g","message":""}},"addon":{"version":"1.10.2","url":"https://dl.freshdev.io/cli-addon/addon-1.10.2.zip"}},"last_updated":{"time_stamp":1655319834732}}[0m
2022-06-15 12:03:59.616 -0700 [debug] ([34mcreate.js[0m) [31m'init' called with /Users/alex/snap/empty-freshcaller-app, undefined, undefined[0m
2022-06-15 12:04:03.801 -0700 [debug] ([34mcreate.js[0m) [31mInitializing template "your_first_app" with product "freshcaller".[0m
2022-06-15 12:04:03.817 -0700 [info] A new Freshcaller app was successfully created from template "your_first_app" with the following files.

2022-06-15 12:04:08.355 -0700 [debug] ([34mconfigs.js[0m) [31mloaded default configs as "{"updates":{"manifest_url":"https://ws.freshdev.io/cli/updates.json","period":24},"log":{"level":"info"},"javascript":{"ecma_version":2020}}"[0m
2022-06-15 12:04:08.358 -0700 [debug] ([34mfile-util.js[0m) [31mError while requiring /Users/alex/.fdk/configs.json: Cannot find module '/Users/alex/.fdk/configs.json'
Require stack:
- /Users/alex/Library/Application Support/fnm/node-versions/v14.19.1/installation/lib/node_modules/fdk/lib/utils/file-util.js
- /Users/alex/Library/Application Support/fnm/node-versions/v14.19.1/installation/lib/node_modules/fdk/lib/configs.js
- /Users/alex/Library/Application Support/fnm/node-versions/v14.19.1/installation/lib/node_modules/fdk/lib/logger.js
- /Users/alex/Library/Application Support/fnm/node-versions/v14.19.1/installation/lib/node_modules/fdk/index.js[0m
2022-06-15 12:04:08.358 -0700 [debug] ([34mconfigs.js[0m) [31mloaded global configs as "{}"[0m
2022-06-15 12:04:08.358 -0700 [debug] ([34mfile-util.js[0m) [31mError while requiring /Users/alex/snap/empty-freshcaller-app/.fdk/configs.json: Cannot find module '/Users/alex/snap/empty-freshcaller-app/.fdk/configs.json'
Require stack:
- /Users/alex/Library/Application Support/fnm/node-versions/v14.19.1/installation/lib/node_modules/fdk/lib/utils/file-util.js
- /Users/alex/Library/Application Support/fnm/node-versions/v14.19.1/installation/lib/node_modules/fdk/lib/configs.js
- /Users/alex/Library/Application Support/fnm/node-versions/v14.19.1/installation/lib/node_modules/fdk/lib/logger.js
- /Users/alex/Library/Application Support/fnm/node-versions/v14.19.1/installation/lib/node_modules/fdk/index.js[0m
2022-06-15 12:04:08.359 -0700 [debug] ([34mconfigs.js[0m) [31mloaded local configs as "{}"[0m
2022-06-15 12:04:08.359 -0700 [debug] ([34mconfigs.js[0m) [31mloaded env configs as "{"updates":{},"log":{},"javascript":{}}"[0m
2022-06-15 12:04:08.359 -0700 [debug] ([34mconfigs.js[0m) [31mloaded resolved configs as "{"updates":{"manifest_url":"https://ws.freshdev.io/cli/updates.json","period":24},"log":{"level":"info"},"javascript":{"ecma_version":2020}}"[0m
2022-06-15 12:04:08.359 -0700 [debug] ([34mlogger.js[0m) [31mStarting FDK in node v14.19.1 on darwin[0m
2022-06-15 12:04:08.359 -0700 [debug] ([34msequelize.js[0m) [31msetting up sqilite at "/Users/alex/snap/empty-freshcaller-app/.fdk/store.sqlite"[0m
2022-06-15 12:04:08.359 -0700 [debug] ([34mindex.js[0m) [31mRunning with args {"cmd":"run","gopts":{},"opts":{},"goptArg":{},"optArg":{},"args":[]}[0m
2022-06-15 12:04:08.359 -0700 [debug] ([34mdata-util.js[0m) [31mRead {"version_details":{"cli":{"deprecated":{"version":"<8","message":"This FDK version will be deprecated by August 31, 2022. There will be no further feature updates to this version. For a seamless app building experience, ensure to move to the latest FDK version. For more information, see https://community.developers.freshworks.com/t/5433."},"forced":{"version":"7.0.0","command":"npm install https://dl.freshdev.io/cli/fdk-7.0.0.tgz -g","message":"Your FDK version has been forced updated to v7.0.0, please visit https://community.developers.freshworks.com/t/fdk-v7-0-announcing-node-js-v12-and-es6-support/3606 to know more"},"latest":{"version":"8.3.3","command":"npm install https://dl.freshdev.io/cli/fdk.tgz -g","message":""}},"addon":{"version":"1.10.2","url":"https://dl.freshdev.io/cli-addon/addon-1.10.2.zip"}},"last_updated":{"time_stamp":1655319834732}}[0m
2022-06-15 12:04:08.359 -0700 [debug] ([34mupdater.js[0m) [31mlast check less than 24 hours ago, not looking for updates[0m
2022-06-15 12:04:08.574 -0700 [debug] ([34mmanifest.js[0m) [31mReloading manifest with {"platform-version":"2.2","product":{"freshcaller":{"location":{"conversation_card":{"url":"template.html","icon":"icon.svg"}}}},"whitelisted-domains":[],"engines":{"node":"14.19.1","fdk":"8.3.1"}}.[0m
2022-06-15 12:04:08.574 -0700 [debug] ([34mmanifest.js[0m) [31mInferred db as features.[0m
2022-06-15 12:04:08.576 -0700 [debug] ([34mdata-util.js[0m) [31mRead {"version_details":{"cli":{"deprecated":{"version":"<8","message":"This FDK version will be deprecated by August 31, 2022. There will be no further feature updates to this version. For a seamless app building experience, ensure to move to the latest FDK version. For more information, see https://community.developers.freshworks.com/t/5433."},"forced":{"version":"7.0.0","command":"npm install https://dl.freshdev.io/cli/fdk-7.0.0.tgz -g","message":"Your FDK version has been forced updated to v7.0.0, please visit https://community.developers.freshworks.com/t/fdk-v7-0-announcing-node-js-v12-and-es6-support/3606 to know more"},"latest":{"version":"8.3.3","command":"npm install https://dl.freshdev.io/cli/fdk.tgz -g","message":""}},"addon":{"version":"1.10.2","url":"https://dl.freshdev.io/cli-addon/addon-1.10.2.zip"}},"last_updated":{"time_stamp":1655319834732}}[0m
2022-06-15 12:04:08.600 -0700 [debug] ([34mdata-util.js[0m) [31mRead {"version_details":{"cli":{"deprecated":{"version":"<8","message":"This FDK version will be deprecated by August 31, 2022. There will be no further feature updates to this version. For a seamless app building experience, ensure to move to the latest FDK version. For more information, see https://community.developers.freshworks.com/t/5433."},"forced":{"version":"7.0.0","command":"npm install https://dl.freshdev.io/cli/fdk-7.0.0.tgz -g","message":"Your FDK version has been forced updated to v7.0.0, please visit https://community.developers.freshworks.com/t/fdk-v7-0-announcing-node-js-v12-and-es6-support/3606 to know more"},"latest":{"version":"8.3.3","command":"npm install https://dl.freshdev.io/cli/fdk.tgz -g","message":""}},"addon":{"version":"1.10.2","url":"https://dl.freshdev.io/cli-addon/addon-1.10.2.zip"}},"last_updated":{"time_stamp":1655319834732}}[0m
2022-06-15 12:04:08.848 -0700 [debug] ([34mfile-util.js[0m) [31mError while requiring /Users/alex/snap/empty-freshcaller-app/.report.json: Cannot find module '/Users/alex/snap/empty-freshcaller-app/.report.json'
Require stack:
- /Users/alex/Library/Application Support/fnm/node-versions/v14.19.1/installation/lib/node_modules/fdk/lib/utils/file-util.js
- /Users/alex/Library/Application Support/fnm/node-versions/v14.19.1/installation/lib/node_modules/fdk/lib/configs.js
- /Users/alex/Library/Application Support/fnm/node-versions/v14.19.1/installation/lib/node_modules/fdk/lib/logger.js
- /Users/alex/Library/Application Support/fnm/node-versions/v14.19.1/installation/lib/node_modules/fdk/index.js[0m
2022-06-15 12:04:09.931 -0700 [debug] ([34mdata-util.js[0m) [31mRead {"version_details":{"cli":{"deprecated":{"version":"<8","message":"This FDK version will be deprecated by August 31, 2022. There will be no further feature updates to this version. For a seamless app building experience, ensure to move to the latest FDK version. For more information, see https://community.developers.freshworks.com/t/5433."},"forced":{"version":"7.0.0","command":"npm install https://dl.freshdev.io/cli/fdk-7.0.0.tgz -g","message":"Your FDK version has been forced updated to v7.0.0, please visit https://community.developers.freshworks.com/t/fdk-v7-0-announcing-node-js-v12-and-es6-support/3606 to know more"},"latest":{"version":"8.3.3","command":"npm install https://dl.freshdev.io/cli/fdk.tgz -g","message":""}},"addon":{"version":"1.10.2","url":"https://dl.freshdev.io/cli-addon/addon-1.10.2.zip"}},"last_updated":{"time_stamp":1655319834732}}[0m
2022-06-15 12:04:10.793 -0700 [debug] ([34mvalidate.js[0m) [31masked to skip the following validations, [0m
2022-06-15 12:04:10.793 -0700 [debug] ([34mvalidate.js[0m) [31mrunning validator actions[0m
2022-06-15 12:04:10.793 -0700 [debug] ([34mvalidate.js[0m) [31mrunning validator app-dir[0m
2022-06-15 12:04:10.794 -0700 [debug] ([34mvalidate.js[0m) [31mrunning validator config-dir[0m
2022-06-15 12:04:10.795 -0700 [debug] ([34mconfig-dir.js[0m) [31mChecking to see if /Users/alex/snap/empty-freshcaller-app/config/ exists.[0m
2022-06-15 12:04:10.795 -0700 [debug] ([34mconfig-dir.js[0m) [31mFetched the following config files iparam_test_data.json,iparams.json[0m
2022-06-15 12:04:10.795 -0700 [debug] ([34mvalidate.js[0m) [31mrunning validator custom-objects[0m
2022-06-15 12:04:10.795 -0700 [debug] ([34mvalidate.js[0m) [31mrunning validator event[0m
2022-06-15 12:04:10.795 -0700 [debug] ([34mvalidate.js[0m) [31mrunning validator iparam[0m
2022-06-15 12:04:10.797 -0700 [debug] ([34mvalidate.js[0m) [31mskipping validator lint[0m
2022-06-15 12:04:10.797 -0700 [debug] ([34mvalidate.js[0m) [31mrunning validator manifest[0m
2022-06-15 12:04:10.797 -0700 [debug] ([34mmanifest.js[0m) [31mrunning manifest validation with type run_validation[0m
2022-06-15 12:04:10.798 -0700 [debug] ([34mvalidate.js[0m) [31mskipping validator manifest-dependency[0m
2022-06-15 12:04:10.798 -0700 [debug] ([34mvalidate.js[0m) [31mrunning validator oauth[0m
2022-06-15 12:04:10.798 -0700 [debug] ([34mvalidate.js[0m) [31mskipping validator pkgsize[0m
2022-06-15 12:04:10.798 -0700 [debug] ([34mvalidate.js[0m) [31mrunning validator schema[0m
2022-06-15 12:04:10.798 -0700 [debug] ([34mvalidate.js[0m) [31mrunning validator version-check[0m
2022-06-15 12:04:10.801 -0700 [warn] Please ensure that the following are addressed for quick review process.
2022-06-15 12:04:10.801 -0700 [warn] [33m[WARN][0m iparam_test_data.json is deprecated, to test the installation page, visit - http://localhost:10001/custom_configs
2022-06-15 12:04:10.801 -0700 [error] 
2022-06-15 12:04:10.802 -0700 [debug] ([34mwatcher.js[0m) [31mPreparing to watch the following files ./app,./config,./manifest.json[0m
2022-06-15 12:04:10.806 -0700 [debug] ([34mdata-util.js[0m) [31mRead {}[0m
2022-06-15 12:04:10.806 -0700 [debug] ([34mcustom-objects.js[0m) [31mto force or not? false[0m
2022-06-15 12:04:10.806 -0700 [debug] ([34mcustom-objects.js[0m) [31mbeginning to re-sync db[0m
2022-06-15 12:04:10.895 -0700 [debug] ([34mindex.js[0m) [31mloading model at "/Users/alex/Library/Application Support/fnm/node-versions/v14.19.1/installation/lib/node_modules/fdk/lib/models/bigint-pivot.js"[0m
2022-06-15 12:04:10.897 -0700 [debug] ([34mindex.js[0m) [31mloading model at "/Users/alex/Library/Application Support/fnm/node-versions/v14.19.1/installation/lib/node_modules/fdk/lib/models/entity-field-choice.js"[0m
2022-06-15 12:04:10.898 -0700 [debug] ([34mindex.js[0m) [31mloading model at "/Users/alex/Library/Application Support/fnm/node-versions/v14.19.1/installation/lib/node_modules/fdk/lib/models/entity-field.js"[0m
2022-06-15 12:04:10.898 -0700 [debug] ([34mindex.js[0m) [31mloading model at "/Users/alex/Library/Application Support/fnm/node-versions/v14.19.1/installation/lib/node_modules/fdk/lib/models/entity.js"[0m
2022-06-15 12:04:10.899 -0700 [debug] ([34mindex.js[0m) [31mloading model at "/Users/alex/Library/Application Support/fnm/node-versions/v14.19.1/installation/lib/node_modules/fdk/lib/models/record.js"[0m
2022-06-15 12:04:10.900 -0700 [debug] ([34mindex.js[0m) [31mloading model at "/Users/alex/Library/Application Support/fnm/node-versions/v14.19.1/installation/lib/node_modules/fdk/lib/models/string-pivot.js"[0m
2022-06-15 12:04:10.914 -0700 [debug] ([34mdata-util.js[0m) [31mRead {}[0m
2022-06-15 12:04:10.914 -0700 [debug] ([34mcustom-objects.js[0m) [31mupdated local store with latest entity hash[0m
2022-06-15 12:04:10.915 -0700 [info] Starting local testing server at http://*:10001/    
Append 'dev=true' to your Freshcaller account URL to start testing    
e.g. https://domain.freshcaller.com/dashboard?dev=true    
Quit the server with Control-C.
2022-06-15 12:04:19.807 -0700 [debug] ([34mconfigs.js[0m) [31mloaded default configs as "{"updates":{"manifest_url":"https://ws.freshdev.io/cli/updates.json","period":24},"log":{"level":"info"},"javascript":{"ecma_version":2020}}"[0m
2022-06-15 12:04:19.808 -0700 [debug] ([34mfile-util.js[0m) [31mError while requiring /Users/alex/.fdk/configs.json: Cannot find module '/Users/alex/.fdk/configs.json'
Require stack:
- /Users/alex/Library/Application Support/fnm/node-versions/v14.19.1/installation/lib/node_modules/fdk/lib/utils/file-util.js
- /Users/alex/Library/Application Support/fnm/node-versions/v14.19.1/installation/lib/node_modules/fdk/lib/configs.js
- /Users/alex/Library/Application Support/fnm/node-versions/v14.19.1/installation/lib/node_modules/fdk/lib/logger.js
- /Users/alex/Library/Application Support/fnm/node-versions/v14.19.1/installation/lib/node_modules/fdk/index.js[0m
2022-06-15 12:04:19.808 -0700 [debug] ([34mconfigs.js[0m) [31mloaded global configs as "{}"[0m
2022-06-15 12:04:19.809 -0700 [debug] ([34mfile-util.js[0m) [31mError while requiring /Users/alex/snap/empty-freshcaller-app/.fdk/configs.json: Cannot find module '/Users/alex/snap/empty-freshcaller-app/.fdk/configs.json'
Require stack:
- /Users/alex/Library/Application Support/fnm/node-versions/v14.19.1/installation/lib/node_modules/fdk/lib/utils/file-util.js
- /Users/alex/Library/Application Support/fnm/node-versions/v14.19.1/installation/lib/node_modules/fdk/lib/configs.js
- /Users/alex/Library/Application Support/fnm/node-versions/v14.19.1/installation/lib/node_modules/fdk/lib/logger.js
- /Users/alex/Library/Application Support/fnm/node-versions/v14.19.1/installation/lib/node_modules/fdk/index.js[0m
2022-06-15 12:04:19.809 -0700 [debug] ([34mconfigs.js[0m) [31mloaded local configs as "{}"[0m
2022-06-15 12:04:19.809 -0700 [debug] ([34mconfigs.js[0m) [31mloaded env configs as "{"updates":{},"log":{},"javascript":{}}"[0m
2022-06-15 12:04:19.809 -0700 [debug] ([34mconfigs.js[0m) [31mloaded resolved configs as "{"updates":{"manifest_url":"https://ws.freshdev.io/cli/updates.json","period":24},"log":{"level":"info"},"javascript":{"ecma_version":2020}}"[0m
2022-06-15 12:04:19.809 -0700 [debug] ([34mlogger.js[0m) [31mStarting FDK in node v14.19.1 on darwin[0m
2022-06-15 12:04:19.809 -0700 [debug] ([34msequelize.js[0m) [31msetting up sqilite at "/Users/alex/snap/empty-freshcaller-app/.fdk/store.sqlite"[0m
2022-06-15 12:04:19.809 -0700 [debug] ([34mindex.js[0m) [31mRunning with args {"cmd":"pack","gopts":{},"opts":{},"goptArg":{},"optArg":{},"args":[]}[0m
2022-06-15 12:04:19.809 -0700 [debug] ([34mdata-util.js[0m) [31mRead {"version_details":{"cli":{"deprecated":{"version":"<8","message":"This FDK version will be deprecated by August 31, 2022. There will be no further feature updates to this version. For a seamless app building experience, ensure to move to the latest FDK version. For more information, see https://community.developers.freshworks.com/t/5433."},"forced":{"version":"7.0.0","command":"npm install https://dl.freshdev.io/cli/fdk-7.0.0.tgz -g","message":"Your FDK version has been forced updated to v7.0.0, please visit https://community.developers.freshworks.com/t/fdk-v7-0-announcing-node-js-v12-and-es6-support/3606 to know more"},"latest":{"version":"8.3.3","command":"npm install https://dl.freshdev.io/cli/fdk.tgz -g","message":""}},"addon":{"version":"1.10.2","url":"https://dl.freshdev.io/cli-addon/addon-1.10.2.zip"}},"last_updated":{"time_stamp":1655319834732}}[0m
2022-06-15 12:04:19.809 -0700 [debug] ([34mupdater.js[0m) [31mlast check less than 24 hours ago, not looking for updates[0m
2022-06-15 12:04:19.876 -0700 [debug] ([34mmanifest.js[0m) [31mReloading manifest with {"platform-version":"2.2","product":{"freshcaller":{"location":{"conversation_card":{"url":"template.html","icon":"icon.svg"}}}},"whitelisted-domains":[],"engines":{"node":"14.19.1","fdk":"8.3.1"}}.[0m
2022-06-15 12:04:19.876 -0700 [debug] ([34mmanifest.js[0m) [31mInferred db as features.[0m
2022-06-15 12:04:19.876 -0700 [debug] ([34mdata-util.js[0m) [31mRead {"version_details":{"cli":{"deprecated":{"version":"<8","message":"This FDK version will be deprecated by August 31, 2022. There will be no further feature updates to this version. For a seamless app building experience, ensure to move to the latest FDK version. For more information, see https://community.developers.freshworks.com/t/5433."},"forced":{"version":"7.0.0","command":"npm install https://dl.freshdev.io/cli/fdk-7.0.0.tgz -g","message":"Your FDK version has been forced updated to v7.0.0, please visit https://community.developers.freshworks.com/t/fdk-v7-0-announcing-node-js-v12-and-es6-support/3606 to know more"},"latest":{"version":"8.3.3","command":"npm install https://dl.freshdev.io/cli/fdk.tgz -g","message":""}},"addon":{"version":"1.10.2","url":"https://dl.freshdev.io/cli-addon/addon-1.10.2.zip"}},"last_updated":{"time_stamp":1655319834732}}[0m
2022-06-15 12:04:20.517 -0700 [debug] ([34mdata-util.js[0m) [31mRead {"version_details":{"cli":{"deprecated":{"version":"<8","message":"This FDK version will be deprecated by August 31, 2022. There will be no further feature updates to this version. For a seamless app building experience, ensure to move to the latest FDK version. For more information, see https://community.developers.freshworks.com/t/5433."},"forced":{"version":"7.0.0","command":"npm install https://dl.freshdev.io/cli/fdk-7.0.0.tgz -g","message":"Your FDK version has been forced updated to v7.0.0, please visit https://community.developers.freshworks.com/t/fdk-v7-0-announcing-node-js-v12-and-es6-support/3606 to know more"},"latest":{"version":"8.3.3","command":"npm install https://dl.freshdev.io/cli/fdk.tgz -g","message":""}},"addon":{"version":"1.10.2","url":"https://dl.freshdev.io/cli-addon/addon-1.10.2.zip"}},"last_updated":{"time_stamp":1655319834732}}[0m
2022-06-15 12:04:20.825 -0700 [debug] ([34mpack.js[0m) [31m'pack' called with {}[0m
2022-06-15 12:04:20.826 -0700 [debug] ([34mvalidate.js[0m) [31masked to skip the following validations, [0m
2022-06-15 12:04:20.826 -0700 [debug] ([34mvalidate.js[0m) [31mrunning validator actions[0m
2022-06-15 12:04:20.827 -0700 [debug] ([34mvalidate.js[0m) [31mrunning validator app-dir[0m
2022-06-15 12:04:20.828 -0700 [debug] ([34mvalidate.js[0m) [31mrunning validator config-dir[0m
2022-06-15 12:04:20.828 -0700 [debug] ([34mconfig-dir.js[0m) [31mChecking to see if /Users/alex/snap/empty-freshcaller-app/config/ exists.[0m
2022-06-15 12:04:20.828 -0700 [debug] ([34mconfig-dir.js[0m) [31mFetched the following config files iparam_test_data.json,iparams.json[0m
2022-06-15 12:04:20.828 -0700 [debug] ([34mvalidate.js[0m) [31mrunning validator custom-objects[0m
2022-06-15 12:04:20.829 -0700 [debug] ([34mvalidate.js[0m) [31mrunning validator event[0m
2022-06-15 12:04:20.829 -0700 [debug] ([34mvalidate.js[0m) [31mrunning validator iparam[0m
2022-06-15 12:04:20.831 -0700 [debug] ([34mvalidate.js[0m) [31mrunning validator lint[0m
2022-06-15 12:04:20.831 -0700 [debug] ([34mlint.js[0m) [31mpassed fix flag: undefined[0m
2022-06-15 12:04:20.832 -0700 [debug] ([34mlint-util.js[0m) [31mRunning the following lints on the file app/app.js : no-caller,no-process-env,complexity,max-nested-callbacks,handle-callback-err,no-eval,no-alert,no-debugger,no-unreachable,no-unlisted-url,no-unhandled-promise,no-logging-rejections,no-non-client-request-model,no-cross-scope-assign,no-empty-function,no-unused-vars[0m
2022-06-15 12:04:20.878 -0700 [debug] ([34mvalidate.js[0m) [31mrunning validator manifest[0m
2022-06-15 12:04:20.878 -0700 [debug] ([34mmanifest.js[0m) [31mrunning manifest validation with type pre_pkg_validation[0m
2022-06-15 12:04:20.878 -0700 [debug] ([34mvalidate.js[0m) [31mrunning validator manifest-dependency[0m
2022-06-15 12:04:20.878 -0700 [debug] ([34mvalidate.js[0m) [31mrunning validator oauth[0m
2022-06-15 12:04:20.879 -0700 [debug] ([34mvalidate.js[0m) [31mskipping validator pkgsize[0m
2022-06-15 12:04:20.879 -0700 [debug] ([34mvalidate.js[0m) [31mskipping validator schema[0m
2022-06-15 12:04:20.879 -0700 [debug] ([34mvalidate.js[0m) [31mrunning validator version-check[0m
2022-06-15 12:04:20.882 -0700 [warn] Please ensure that the following are addressed for quick review process.
2022-06-15 12:04:20.882 -0700 [warn] [33m[WARN][0m iparam_test_data.json is deprecated, to test the installation page, visit - http://localhost:10001/custom_configs
2022-06-15 12:04:20.883 -0700 [warn] [33m[WARN][0m app/app.js::2: Expected rejection to be handled.
2022-06-15 12:04:20.883 -0700 [warn] [33m[WARN][0m app/app.js::11: refrain from simply logging errors.
2022-06-15 12:04:20.883 -0700 [error] 
2022-06-15 12:04:20.883 -0700 [info] App being packed in Node v14.19.1 using FDK 8.3.1
2022-06-15 12:04:20.894 -0700 [debug] ([34mpack.js[0m) [31mCannot find './visitor-app' directory while packing.[0m
2022-06-15 12:04:20.894 -0700 [debug] ([34mpack.js[0m) [31mCannot find './src' directory while packing.[0m
2022-06-15 12:04:20.894 -0700 [debug] ([34mpack.js[0m) [31mCannot find './server' directory while packing.[0m
2022-06-15 12:04:20.899 -0700 [debug] ([34mfile-util.js[0m) [31mComputing digest for app/app.js,app/freshcaller_logo.png,app/icon.svg,app/redirect.svg,app/style.css,app/template.html,manifest.json.[0m
2022-06-15 12:04:20.900 -0700 [debug] ([34mpack.js[0m) [31mPacking ./app/app.js[0m
2022-06-15 12:04:20.901 -0700 [debug] ([34mpack.js[0m) [31mPacking ./app/freshcaller_logo.png[0m
2022-06-15 12:04:20.901 -0700 [debug] ([34mpack.js[0m) [31mPacking ./app/icon.svg[0m
2022-06-15 12:04:20.901 -0700 [debug] ([34mpack.js[0m) [31mPacking ./app/redirect.svg[0m
2022-06-15 12:04:20.901 -0700 [debug] ([34mpack.js[0m) [31mPacking ./app/style.css[0m
2022-06-15 12:04:20.901 -0700 [debug] ([34mpack.js[0m) [31mPacking ./app/template.html[0m
2022-06-15 12:04:20.901 -0700 [debug] ([34mpack.js[0m) [31mPacking ./config/iparam_test_data.json[0m
2022-06-15 12:04:20.901 -0700 [debug] ([34mpack.js[0m) [31mPacking ./config/iparams.json[0m
2022-06-15 12:04:20.901 -0700 [debug] ([34mpack.js[0m) [31mPacking ./manifest.json[0m
2022-06-15 12:04:20.902 -0700 [debug] ([34mpack.js[0m) [31mPacking ./.report.json[0m
2022-06-15 12:04:20.902 -0700 [debug] ([34mpack.js[0m) [31mPacking ./README.md[0m
2022-06-15 12:04:20.902 -0700 [debug] ([34mpack.js[0m) [31mPacking ./digest.md5[0m
2022-06-15 12:04:20.952 -0700 [debug] ([34mvalidate.js[0m) [31masked to skip the following validations, [0m
2022-06-15 12:04:20.952 -0700 [debug] ([34mvalidate.js[0m) [31mskipping validator actions[0m
2022-06-15 12:04:20.953 -0700 [debug] ([34mvalidate.js[0m) [31mskipping validator app-dir[0m
2022-06-15 12:04:20.953 -0700 [debug] ([34mvalidate.js[0m) [31mskipping validator config-dir[0m
2022-06-15 12:04:20.953 -0700 [debug] ([34mvalidate.js[0m) [31mskipping validator custom-objects[0m
2022-06-15 12:04:20.953 -0700 [debug] ([34mvalidate.js[0m) [31mskipping validator event[0m
2022-06-15 12:04:20.953 -0700 [debug] ([34mvalidate.js[0m) [31mskipping validator iparam[0m
2022-06-15 12:04:20.953 -0700 [debug] ([34mvalidate.js[0m) [31mskipping validator lint[0m
2022-06-15 12:04:20.953 -0700 [debug] ([34mvalidate.js[0m) [31mskipping validator manifest[0m
2022-06-15 12:04:20.953 -0700 [debug] ([34mvalidate.js[0m) [31mskipping validator manifest-dependency[0m
2022-06-15 12:04:20.953 -0700 [debug] ([34mvalidate.js[0m) [31mskipping validator oauth[0m
2022-06-15 12:04:20.953 -0700 [debug] ([34mvalidate.js[0m) [31mrunning validator pkgsize[0m
2022-06-15 12:04:20.953 -0700 [debug] ([34mvalidate.js[0m) [31mskipping validator schema[0m
2022-06-15 12:04:20.953 -0700 [debug] ([34mvalidate.js[0m) [31mskipping validator version-check[0m
2022-06-15 12:04:20.954 -0700 [info] App packed successfully at /dist/empty-freshcaller-app.zip
2022-06-15 12:04:20.954 -0700 [info] Upload this file to the marketplace by following the instructions at https://developers.freshcaller.com/docs/freshworks-cli/
2022-06-15 12:04:20.954 -0700 [debug] ([34mfile-util.js[0m) [31mDeleting digest.[0m
